#
# A fatal error has been detected by the Java Runtime Environment:
#
#  EXCEPTION_ACCESS_VIOLATION (0xc0000005) at pc=0x6d2465ee, pid=3500, tid=0x00000184
#
# JRE version: Java(TM) SE Runtime Environment (8.0_144-b01) (build 1.8.0_144-b01)
# Java VM: Java HotSpot(TM) Client VM (25.144-b01 mixed mode windows-x86 )
# Problematic frame:
# V  [jvm.dll+0xe65ee]
#
# Failed to write core dump. Minidumps are not enabled by default on client versions of Windows
#
# If you would like to submit a bug report, please visit:
#   http://bugreport.java.com/bugreport/crash.jsp
#

---------------  T H R E A D  ---------------

Current thread (0x2f120400):  JavaThread "EventThread COM11" [_thread_in_vm, id=388, stack(0x2e9a0000,0x2e9f0000)]

siginfo: ExceptionCode=0xc0000005, reading address 0x00000000

Registers:
EAX=0x00000000, EBX=0x0038ab78, ECX=0x2f120400, EDX=0x0000009f
ESP=0x2e9db86c, EBP=0x2e9db888, ESI=0x00000000, EDI=0x2f120400
EIP=0x6d2465ee, EFLAGS=0x00010246

Top of Stack: (sp=0x2e9db86c)
0x2e9db86c:   2e9db8a4 2f120540 0038ab78 2f120400
0x2e9db87c:   238cede4 0000009f 6d4420b8 2e9ef768
0x2e9db88c:   6400183d 2f120540 00000000 00000000
0x2e9db89c:   00013e80 2e9db8a4 706d6574 72444344
0x2e9db8ac:   0a0d3a76 0a0d3732 706d6574 72444344
0x2e9db8bc:   0a0d3a76 0a0d3732 706d6574 72444344
0x2e9db8cc:   0a0d3a76 0a0d3732 706d6574 72444344
0x2e9db8dc:   0a0d3a76 0a0d3732 706d6574 72444344 

Instructions: (pc=0x6d2465ee)
0x6d2465ce:   c4 08 83 7f 04 00 89 7d f0 c7 45 f4 00 00 00 00
0x6d2465de:   74 08 8d 4d f0 e8 28 1c 0c 00 8b 75 10 8b 45 0c
0x6d2465ee:   8b 10 85 f6 78 32 8b 45 14 85 c0 78 2b 8d 0c 06
0x6d2465fe:   3b 4a 08 77 23 85 c0 7e 3b 8b 4a 04 8b 49 04 83 


Register to memory mapping:

EAX=0x00000000 is an unknown value
EBX=0x0038ab78 is an unknown value
ECX=0x2f120400 is a thread
EDX=0x0000009f is an unknown value
ESP=0x2e9db86c is pointing into the stack for thread: 0x2f120400
EBP=0x2e9db888 is pointing into the stack for thread: 0x2f120400
ESI=0x00000000 is an unknown value
EDI=0x2f120400 is a thread


Stack: [0x2e9a0000,0x2e9f0000],  sp=0x2e9db86c,  free space=238k
Native frames: (J=compiled Java code, j=interpreted, Vv=VM code, C=native code)
V  [jvm.dll+0xe65ee]
C  [jSSC-2.8_x86.dll+0x183d]
J 2605  jssc.SerialNativeInterface.readBytes(JI)[B (0 bytes) @ 0x00e34fa5 [0x00e34f10+0x95]
J 149123 C1 processing.app.Serial.serialEvent(Ljssc/SerialPortEvent;)V (195 bytes) @ 0x01051a30 [0x01051900+0x130]
J 19224% C1 jssc.SerialPort$EventThread.run()V (84 bytes) @ 0x00e3901d [0x00e38ec0+0x15d]
v  ~StubRoutines::call_stub
V  [jvm.dll+0x15af45]
V  [jvm.dll+0x2213ae]
V  [jvm.dll+0x15afde]
V  [jvm.dll+0x15b166]
V  [jvm.dll+0x15b1d7]
V  [jvm.dll+0xff36f]
V  [jvm.dll+0x17dc30]
V  [jvm.dll+0x17e4aa]
V  [jvm.dll+0x1c2ec6]
C  [msvcr100.dll+0x5c556]
C  [msvcr100.dll+0x5c600]
C  [kernel32.dll+0xb729]
C  0x00000000

Java frames: (J=compiled Java code, j=interpreted, Vv=VM code)
J 2605  jssc.SerialNativeInterface.readBytes(JI)[B (0 bytes) @ 0x00e34f61 [0x00e34f10+0x51]
J 149123 C1 processing.app.Serial.serialEvent(Ljssc/SerialPortEvent;)V (195 bytes) @ 0x01051a30 [0x01051900+0x130]
J 19224% C1 jssc.SerialPort$EventThread.run()V (84 bytes) @ 0x00e3901d [0x00e38ec0+0x15d]
v  ~StubRoutines::call_stub

---------------  P R O C E S S  ---------------

Java Threads: ( => current thread )
=>0x2f120400 JavaThread "EventThread COM11" [_thread_in_vm, id=388, stack(0x2e9a0000,0x2e9f0000)]
  0x00973800 JavaThread "DestroyJavaVM" [_thread_blocked, id=2368, stack(0x00920000,0x00970000)]
  0x2c47a000 JavaThread "TimerQueue" daemon [_thread_blocked, id=1872, stack(0x2dcb0000,0x2dd00000)]
  0x2c844400 JavaThread "AWT-EventQueue-0" [_thread_blocked, id=3212, stack(0x2dfa0000,0x2dff0000)]
  0x2c843400 JavaThread "AWT-Shutdown" [_thread_blocked, id=2964, stack(0x2df50000,0x2dfa0000)]
  0x2c47e400 JavaThread "Batik CleanerThread" daemon [_thread_blocked, id=3908, stack(0x2dc60000,0x2dcb0000)]
  0x2c2fe800 JavaThread "Timer-0" [_thread_blocked, id=1480, stack(0x2d7d0000,0x2d820000)]
  0x2c2f9800 JavaThread "Multihomed mDNS.Timer" daemon [_thread_blocked, id=2580, stack(0x2ccf0000,0x2cd40000)]
  0x23996800 JavaThread "cc.arduino.packages.discoverers.serial.SerialBoardsLister" [_thread_blocked, id=3220, stack(0x23da0000,0x23df0000)]
  0x23a97800 JavaThread "AWT-Windows" daemon [_thread_blocked, id=1528, stack(0x23df0000,0x23e40000)]
  0x23a94000 JavaThread "Java2D Disposer" daemon [_thread_blocked, id=3240, stack(0x23d50000,0x23da0000)]
  0x234fb800 JavaThread "Service Thread" daemon [_thread_blocked, id=2740, stack(0x237b0000,0x23800000)]
  0x234e1800 JavaThread "C1 CompilerThread0" daemon [_thread_blocked, id=2008, stack(0x23760000,0x237b0000)]
  0x234e0000 JavaThread "Attach Listener" daemon [_thread_blocked, id=2744, stack(0x23710000,0x23760000)]
  0x234dec00 JavaThread "Signal Dispatcher" daemon [_thread_blocked, id=3884, stack(0x00d10000,0x00d60000)]
  0x00a6f400 JavaThread "Finalizer" daemon [_thread_blocked, id=2468, stack(0x236c0000,0x23710000)]
  0x00a6dc00 JavaThread "Reference Handler" daemon [_thread_blocked, id=3584, stack(0x23470000,0x234c0000)]

Other Threads:
  0x00a69000 VMThread [stack: 0x23420000,0x23470000] [id=3988]
  0x23507800 WatcherThread [stack: 0x23800000,0x23850000] [id=3024]

VM state:synchronizing (normal execution)

VM Mutex/Monitor currently owned by a thread:  ([mutex/lock_event])
[0x00972728] Threads_lock - owner thread: 0x00a69000
[0x00972b38] Heap_lock - owner thread: 0x2c47a000

Heap:
 def new generation   total 157248K, used 157247K [0x02e00000, 0x0d8a0000, 0x0d8a0000)
  eden space 139776K, 100% used [0x02e00000, 0x0b680000, 0x0b680000)
  from space 17472K,  99% used [0x0c790000, 0x0d89ffe8, 0x0d8a0000)
  to   space 17472K,   0% used [0x0b680000, 0x0b680000, 0x0c790000)
 tenured generation   total 349568K, used 349567K [0x0d8a0000, 0x22e00000, 0x22e00000)
   the space 349568K,  99% used [0x0d8a0000, 0x22dffff0, 0x22e00000, 0x22e00000)
 Metaspace       used 19212K, capacity 19682K, committed 19840K, reserved 19840K

Card table byte_map: [0x22e00000,0x22f10000] byte_map_base: 0x22de9000

Polling page: 0x00b70000

CodeCache: size=32768Kb used=2824Kb max_used=4277Kb free=29943Kb
 bounds [0x00d60000, 0x01190000, 0x02d60000]
 total_blobs=1749 nmethods=1462 adapters=215
 compilation: enabled

Compilation events (10 events):
Event: 1293798.204 Thread 0x234e1800 149682             org.fife.ui.rsyntaxtextarea.TokenImpl::setLanguageIndex (6 bytes)
Event: 1293798.204 Thread 0x234e1800 nmethod 149682 0x00e89088 code [0x00e89180, 0x00e89200]
Event: 1293798.204 Thread 0x234e1800 149683             org.fife.ui.rsyntaxtextarea.TokenImpl::setNextToken (6 bytes)
Event: 1293798.204 Thread 0x234e1800 nmethod 149683 0x00f70c48 code [0x00f70d40, 0x00f70dd0]
Event: 1293802.282 Thread 0x234e1800 149684             sun.awt.image.SunVolatileImage::getWidth (5 bytes)
Event: 1293802.282 Thread 0x234e1800 nmethod 149684 0x00e55a48 code [0x00e55b40, 0x00e55bc0]
Event: 1293804.900 Thread 0x234e1800 149685             java.lang.Integer::stringSize (21 bytes)
Event: 1293804.900 Thread 0x234e1800 nmethod 149685 0x00e23a08 code [0x00e23b00, 0x00e23bb0]
Event: 1293804.901 Thread 0x234e1800 149686             java.lang.Integer::getChars (131 bytes)
Event: 1293804.902 Thread 0x234e1800 nmethod 149686 0x00e4e5c8 code [0x00e4e6f0, 0x00e4e900]

GC Heap History (10 events):
Event: 1293830.829 GC heap before
{Heap before GC invocations=16306 (full 12914):
 def new generation   total 157248K, used 157247K [0x02e00000, 0x0d8a0000, 0x0d8a0000)
  eden space 139776K, 100% used [0x02e00000, 0x0b680000, 0x0b680000)
  from space 17472K,  99% used [0x0c790000, 0x0d89ff00, 0x0d8a0000)
  to   space 17472K,   0% used [0x0b680000, 0x0b680000, 0x0c790000)
 tenured generation   total 349568K, used 349567K [0x0d8a0000, 0x22e00000, 0x22e00000)
   the space 349568K,  99% used [0x0d8a0000, 0x22dffff0, 0x22e00000, 0x22e00000)
 Metaspace       used 19212K, capacity 19682K, committed 19840K, reserved 19840K
Event: 1293832.158 GC heap after
Heap after GC invocations=16307 (full 12915):
 def new generation   total 157248K, used 157236K [0x02e00000, 0x0d8a0000, 0x0d8a0000)
  eden space 139776K, 100% used [0x02e00000, 0x0b680000, 0x0b680000)
  from space 17472K,  99% used [0x0c790000, 0x0d89d370, 0x0d8a0000)
  to   space 17472K,   0% used [0x0b680000, 0x0b680000, 0x0c790000)
 tenured generation   total 349568K, used 349567K [0x0d8a0000, 0x22e00000, 0x22e00000)
   the space 349568K,  99% used [0x0d8a0000, 0x22dffff0, 0x22e00000, 0x22e00000)
 Metaspace       used 19212K, capacity 19682K, committed 19840K, reserved 19840K
}
Event: 1293832.159 GC heap before
{Heap before GC invocations=16307 (full 12915):
 def new generation   total 157248K, used 157247K [0x02e00000, 0x0d8a0000, 0x0d8a0000)
  eden space 139776K, 100% used [0x02e00000, 0x0b680000, 0x0b680000)
  from space 17472K,  99% used [0x0c790000, 0x0d89ff00, 0x0d8a0000)
  to   space 17472K,   0% used [0x0b680000, 0x0b680000, 0x0c790000)
 tenured generation   total 349568K, used 349567K [0x0d8a0000, 0x22e00000, 0x22e00000)
   the space 349568K,  99% used [0x0d8a0000, 0x22dffff0, 0x22e00000, 0x22e00000)
 Metaspace       used 19212K, capacity 19682K, committed 19840K, reserved 19840K
Event: 1293833.444 GC heap after
Heap after GC invocations=16308 (full 12916):
 def new generation   total 157248K, used 157236K [0x02e00000, 0x0d8a0000, 0x0d8a0000)
  eden space 139776K, 100% used [0x02e00000, 0x0b680000, 0x0b680000)
  from space 17472K,  99% used [0x0c790000, 0x0d89d370, 0x0d8a0000)
  to   space 17472K,   0% used [0x0b680000, 0x0b680000, 0x0c790000)
 tenured generation   total 349568K, used 349567K [0x0d8a0000, 0x22e00000, 0x22e00000)
   the space 349568K,  99% used [0x0d8a0000, 0x22dffff0, 0x22e00000, 0x22e00000)
 Metaspace       used 19212K, capacity 19682K, committed 19840K, reserved 19840K
}
Event: 1293833.601 GC heap before
{Heap before GC invocations=16308 (full 12916):
 def new generation   total 157248K, used 157247K [0x02e00000, 0x0d8a0000, 0x0d8a0000)
  eden space 139776K, 100% used [0x02e00000, 0x0b680000, 0x0b680000)
  from space 17472K,  99% used [0x0c790000, 0x0d89ff20, 0x0d8a0000)
  to   space 17472K,   0% used [0x0b680000, 0x0b680000, 0x0c790000)
 tenured generation   total 349568K, used 349567K [0x0d8a0000, 0x22e00000, 0x22e00000)
   the space 349568K,  99% used [0x0d8a0000, 0x22dffff0, 0x22e00000, 0x22e00000)
 Metaspace       used 19212K, capacity 19682K, committed 19840K, reserved 19840K
Event: 1293834.887 GC heap after
Heap after GC invocations=16309 (full 12917):
 def new generation   total 157248K, used 157236K [0x02e00000, 0x0d8a0000, 0x0d8a0000)
  eden space 139776K,  99% used [0x02e00000, 0x0b67fff0, 0x0b680000)
  from space 17472K,  99% used [0x0c790000, 0x0d89d370, 0x0d8a0000)
  to   space 17472K,   0% used [0x0b680000, 0x0b680000, 0x0c790000)
 tenured generation   total 349568K, used 349567K [0x0d8a0000, 0x22e00000, 0x22e00000)
   the space 349568K,  99% used [0x0d8a0000, 0x22dffff0, 0x22e00000, 0x22e00000)
 Metaspace       used 19212K, capacity 19682K, committed 19840K, reserved 19840K
}
Event: 1293834.891 GC heap before
{Heap before GC invocations=16309 (full 12917):
 def new generation   total 157248K, used 157246K [0x02e00000, 0x0d8a0000, 0x0d8a0000)
  eden space 139776K, 100% used [0x02e00000, 0x0b680000, 0x0b680000)
  from space 17472K,  99% used [0x0c790000, 0x0d89fb30, 0x0d8a0000)
  to   space 17472K,   0% used [0x0b680000, 0x0b680000, 0x0c790000)
 tenured generation   total 349568K, used 349567K [0x0d8a0000, 0x22e00000, 0x22e00000)
   the space 349568K,  99% used [0x0d8a0000, 0x22dffff0, 0x22e00000, 0x22e00000)
 Metaspace       used 19212K, capacity 19682K, committed 19840K, reserved 19840K
Event: 1293836.176 GC heap after
Heap after GC invocations=16310 (full 12918):
 def new generation   total 157248K, used 157182K [0x02e00000, 0x0d8a0000, 0x0d8a0000)
  eden space 139776K, 100% used [0x02e00000, 0x0b680000, 0x0b680000)
  from space 17472K,  99% used [0x0c790000, 0x0d88f838, 0x0d8a0000)
  to   space 17472K,   0% used [0x0b680000, 0x0b680000, 0x0c790000)
 tenured generation   total 349568K, used 349567K [0x0d8a0000, 0x22e00000, 0x22e00000)
   the space 349568K,  99% used [0x0d8a0000, 0x22dffff0, 0x22e00000, 0x22e00000)
 Metaspace       used 19212K, capacity 19682K, committed 19840K, reserved 19840K
}
Event: 1293836.176 GC heap before
{Heap before GC invocations=16310 (full 12918):
 def new generation   total 157248K, used 157182K [0x02e00000, 0x0d8a0000, 0x0d8a0000)
  eden space 139776K, 100% used [0x02e00000, 0x0b680000, 0x0b680000)
  from space 17472K,  99% used [0x0c790000, 0x0d88f838, 0x0d8a0000)
  to   space 17472K,   0% used [0x0b680000, 0x0b680000, 0x0c790000)
 tenured generation   total 349568K, used 349567K [0x0d8a0000, 0x22e00000, 0x22e00000)
   the space 349568K,  99% used [0x0d8a0000, 0x22dffff0, 0x22e00000, 0x22e00000)
 Metaspace       used 19212K, capacity 19682K, committed 19840K, reserved 19840K
Event: 1293837.461 GC heap after
Heap after GC invocations=16311 (full 12919):
 def new generation   total 157248K, used 157182K [0x02e00000, 0x0d8a0000, 0x0d8a0000)
  eden space 139776K, 100% used [0x02e00000, 0x0b680000, 0x0b680000)
  from space 17472K,  99% used [0x0c790000, 0x0d88f838, 0x0d8a0000)
  to   space 17472K,   0% used [0x0b680000, 0x0b680000, 0x0c790000)
 tenured generation   total 349568K, used 349567K [0x0d8a0000, 0x22e00000, 0x22e00000)
   the space 349568K,  99% used [0x0d8a0000, 0x22dffff0, 0x22e00000, 0x22e00000)
 Metaspace       used 19212K, capacity 19682K, committed 19840K, reserved 19840K
}

Deoptimization events (0 events):
No events

Internal exceptions (10 events):
Event: 1293682.625 Thread 0x2c955400 Exception <a 'sun/nio/fs/WindowsException'> (0x0d62f8a0) thrown at [C:\workspace\8-2-build-windows-i586-cygwin\jdk8u144\9417\hotspot\src\share\vm\prims\jni.cpp, line 709]
Event: 1293682.665 Thread 0x2c955400 Exception <a 'sun/nio/fs/WindowsException'> (0x0d654b78) thrown at [C:\workspace\8-2-build-windows-i586-cygwin\jdk8u144\9417\hotspot\src\share\vm\prims\jni.cpp, line 709]
Event: 1293682.665 Thread 0x2c955400 Exception <a 'sun/nio/fs/WindowsException'> (0x0d655198) thrown at [C:\workspace\8-2-build-windows-i586-cygwin\jdk8u144\9417\hotspot\src\share\vm\prims\jni.cpp, line 709]
Event: 1293682.734 Thread 0x2c955400 Exception <a 'sun/nio/fs/WindowsException'> (0x0d6966b8) thrown at [C:\workspace\8-2-build-windows-i586-cygwin\jdk8u144\9417\hotspot\src\share\vm\prims\jni.cpp, line 709]
Event: 1293682.734 Thread 0x2c955400 Exception <a 'sun/nio/fs/WindowsException'> (0x0d696d88) thrown at [C:\workspace\8-2-build-windows-i586-cygwin\jdk8u144\9417\hotspot\src\share\vm\prims\jni.cpp, line 709]
Event: 1293682.771 Thread 0x2c955400 Exception <a 'sun/nio/fs/WindowsException'> (0x0d6b6a60) thrown at [C:\workspace\8-2-build-windows-i586-cygwin\jdk8u144\9417\hotspot\src\share\vm\prims\jni.cpp, line 709]
Event: 1293682.771 Thread 0x2c955400 Exception <a 'sun/nio/fs/WindowsException'> (0x0d6b7198) thrown at [C:\workspace\8-2-build-windows-i586-cygwin\jdk8u144\9417\hotspot\src\share\vm\prims\jni.cpp, line 709]
Event: 1293814.192 Thread 0x2c844400 Exception <a 'java/lang/OutOfMemoryError'> (0x0de2cd48) thrown at [C:\workspace\8-2-build-windows-i586-cygwin\jdk8u144\9417\hotspot\src\share\vm\gc_interface/collectedHeap.inline.hpp, line 159]
Event: 1293814.192 Thread 0x2c844400 Exception <a 'java/lang/OutOfMemoryError'> (0x0de2cd48) thrown at [C:\workspace\8-2-build-windows-i586-cygwin\jdk8u144\9417\hotspot\src\share\vm\prims\jvm.cpp, line 1394]
Event: 1293837.461 Thread 0x2f120400 Exception <a 'java/lang/OutOfMemoryError'> (0x0de2cd28) thrown at [C:\workspace\8-2-build-windows-i586-cygwin\jdk8u144\9417\hotspot\src\share\vm\gc_interface/collectedHeap.inline.hpp, line 159]

Events (10 events):
Event: 1293829.541 Executing VM operation: GenCollectForAllocation
Event: 1293830.829 Executing VM operation: GenCollectForAllocation done
Event: 1293830.829 Executing VM operation: GenCollectForAllocation
Event: 1293832.158 Executing VM operation: GenCollectForAllocation done
Event: 1293832.158 Executing VM operation: GenCollectForAllocation
Event: 1293833.444 Executing VM operation: GenCollectForAllocation done
Event: 1293833.601 Executing VM operation: GenCollectForAllocation
Event: 1293834.887 Executing VM operation: GenCollectForAllocation done
Event: 1293834.890 Executing VM operation: GenCollectForAllocation
Event: 1293837.461 Executing VM operation: GenCollectForAllocation done


Dynamic libraries:
0x00400000 - 0x00433000 	C:\Program Files\Arduino\java\bin\javaw.exe
0x7c900000 - 0x7c9b2000 	C:\WINDOWS\system32\ntdll.dll
0x7c800000 - 0x7c8f6000 	C:\WINDOWS\system32\kernel32.dll
0x77dd0000 - 0x77e6b000 	C:\WINDOWS\system32\ADVAPI32.dll
0x77e70000 - 0x77f03000 	C:\WINDOWS\system32\RPCRT4.dll
0x77fe0000 - 0x77ff1000 	C:\WINDOWS\system32\Secur32.dll
0x7e410000 - 0x7e4a1000 	C:\WINDOWS\system32\USER32.dll
0x77f10000 - 0x77f59000 	C:\WINDOWS\system32\GDI32.dll
0x773d0000 - 0x774d3000 	C:\WINDOWS\WinSxS\x86_Microsoft.Windows.Common-Controls_6595b64144ccf1df_6.0.2600.6028_x-ww_61e65202\COMCTL32.dll
0x77c10000 - 0x77c68000 	C:\WINDOWS\system32\msvcrt.dll
0x77f60000 - 0x77fd6000 	C:\WINDOWS\system32\SHLWAPI.dll
0x76390000 - 0x763ad000 	C:\WINDOWS\system32\IMM32.DLL
0x78aa0000 - 0x78b5f000 	C:\Program Files\Arduino\java\bin\msvcr100.dll
0x6d160000 - 0x6d52e000 	C:\Program Files\Arduino\java\bin\client\jvm.dll
0x71ad0000 - 0x71ad9000 	C:\WINDOWS\system32\WSOCK32.dll
0x71ab0000 - 0x71ac7000 	C:\WINDOWS\system32\WS2_32.dll
0x71aa0000 - 0x71aa8000 	C:\WINDOWS\system32\WS2HELP.dll
0x76b40000 - 0x76b6d000 	C:\WINDOWS\system32\WINMM.dll
0x77c00000 - 0x77c08000 	C:\WINDOWS\system32\VERSION.dll
0x76bf0000 - 0x76bfb000 	C:\WINDOWS\system32\PSAPI.DLL
0x700e0000 - 0x70110000 	C:\Program Files\Arduino\java\bin\splashscreen.dll
0x74720000 - 0x7476c000 	C:\WINDOWS\system32\MSCTF.dll
0x63000000 - 0x63013000 	C:\WINDOWS\system32\SynTPFcs.dll
0x70220000 - 0x7022c000 	C:\Program Files\Arduino\java\bin\verify.dll
0x6da30000 - 0x6da51000 	C:\Program Files\Arduino\java\bin\java.dll
0x755c0000 - 0x755ee000 	C:\WINDOWS\system32\msctfime.ime
0x774e0000 - 0x7761e000 	C:\WINDOWS\system32\ole32.dll
0x702b0000 - 0x702c3000 	C:\Program Files\Arduino\java\bin\zip.dll
0x605d0000 - 0x605d9000 	C:\WINDOWS\system32\mslbui.dll
0x7c9c0000 - 0x7d1d7000 	C:\WINDOWS\system32\SHELL32.dll
0x769c0000 - 0x76a74000 	C:\WINDOWS\system32\USERENV.dll
0x61940000 - 0x619b2000 	C:\Program Files\Arduino\lib\listSerialsj.dll
0x77920000 - 0x77a13000 	C:\WINDOWS\system32\SETUPAPI.dll
0x02de0000 - 0x02dfd000 	C:\Program Files\Arduino\lib\jnidispatch-4.2.2-win32-x86.dll
0x70010000 - 0x70026000 	C:\Program Files\Arduino\java\bin\net.dll
0x71a50000 - 0x71a8f000 	C:\WINDOWS\system32\mswsock.dll
0x662b0000 - 0x66308000 	C:\WINDOWS\system32\hnetcfg.dll
0x58d40000 - 0x58d47000 	C:\WINDOWS\System32\wship6.dll
0x70030000 - 0x7003f000 	C:\Program Files\Arduino\java\bin\nio.dll
0x6d000000 - 0x6d145000 	C:\Program Files\Arduino\java\bin\awt.dll
0x77120000 - 0x771ab000 	C:\WINDOWS\system32\OLEAUT32.dll
0x6d800000 - 0x6d839000 	C:\Program Files\Arduino\java\bin\fontmanager.dll
0x5ed00000 - 0x5edcc000 	C:\WINDOWS\system32\opengl32.dll
0x68b20000 - 0x68b40000 	C:\WINDOWS\system32\GLU32.dll
0x73760000 - 0x737ab000 	C:\WINDOWS\system32\DDRAW.dll
0x73bc0000 - 0x73bc6000 	C:\WINDOWS\system32\DCIMAN32.dll
0x701c0000 - 0x701f2000 	C:\Program Files\Arduino\java\bin\t2k.dll
0x76d60000 - 0x76d79000 	C:\WINDOWS\system32\IPHLPAPI.DLL
0x76d40000 - 0x76d58000 	C:\WINDOWS\system32\MPRAPI.dll
0x77cc0000 - 0x77cf2000 	C:\WINDOWS\system32\ACTIVEDS.dll
0x76e10000 - 0x76e35000 	C:\WINDOWS\system32\adsldpc.dll
0x5b860000 - 0x5b8b5000 	C:\WINDOWS\system32\NETAPI32.dll
0x76f60000 - 0x76f8c000 	C:\WINDOWS\system32\WLDAP32.dll
0x76b20000 - 0x76b31000 	C:\WINDOWS\system32\ATL.DLL
0x76e80000 - 0x76e8e000 	C:\WINDOWS\system32\rtutils.dll
0x71bf0000 - 0x71c03000 	C:\WINDOWS\system32\SAMLIB.dll
0x77d00000 - 0x77d33000 	C:\WINDOWS\system32\netman.dll
0x76400000 - 0x765a5000 	C:\WINDOWS\system32\netshell.dll
0x76c00000 - 0x76c2e000 	C:\WINDOWS\system32\credui.dll
0x478c0000 - 0x478ca000 	C:\WINDOWS\system32\dot3api.dll
0x736d0000 - 0x736d6000 	C:\WINDOWS\system32\dot3dlg.dll
0x5dca0000 - 0x5dcc8000 	C:\WINDOWS\system32\OneX.DLL
0x76f50000 - 0x76f58000 	C:\WINDOWS\system32\WTSAPI32.dll
0x76360000 - 0x76370000 	C:\WINDOWS\system32\WINSTA.dll
0x77a80000 - 0x77b17000 	C:\WINDOWS\system32\CRYPT32.dll
0x77b20000 - 0x77b32000 	C:\WINDOWS\system32\MSASN1.dll
0x745b0000 - 0x745d2000 	C:\WINDOWS\system32\eappcfg.dll
0x76080000 - 0x760e5000 	C:\WINDOWS\system32\MSVCP60.dll
0x5dcd0000 - 0x5dcde000 	C:\WINDOWS\system32\eappprxy.dll
0x76ee0000 - 0x76f1c000 	C:\WINDOWS\system32\RASAPI32.dll
0x76e90000 - 0x76ea2000 	C:\WINDOWS\system32\rasman.dll
0x76eb0000 - 0x76edf000 	C:\WINDOWS\system32\TAPI32.dll
0x3d930000 - 0x3da17000 	C:\WINDOWS\system32\WININET.dll
0x2cd50000 - 0x2cd59000 	C:\WINDOWS\system32\Normaliz.dll
0x78130000 - 0x78264000 	C:\WINDOWS\system32\urlmon.dll
0x3dfd0000 - 0x3e1bc000 	C:\WINDOWS\system32\iertutil.dll
0x73030000 - 0x73040000 	C:\WINDOWS\system32\WZCSAPI.DLL
0x7db10000 - 0x7db9c000 	C:\WINDOWS\system32\WZCSvc.DLL
0x76d30000 - 0x76d34000 	C:\WINDOWS\system32\WMI.dll
0x7d4b0000 - 0x7d4d2000 	C:\WINDOWS\system32\DHCPCSVC.DLL
0x76f20000 - 0x76f47000 	C:\WINDOWS\system32\DNSAPI.dll
0x72810000 - 0x7281b000 	C:\WINDOWS\system32\EapolQec.dll
0x726c0000 - 0x726d6000 	C:\WINDOWS\system32\QUtil.dll
0x606b0000 - 0x607bd000 	C:\WINDOWS\system32\ESENT.dll
0x76c30000 - 0x76c5e000 	C:\WINDOWS\system32\WINTRUST.dll
0x76c90000 - 0x76cb9000 	C:\WINDOWS\system32\IMAGEHLP.dll
0x76fc0000 - 0x76fc6000 	C:\WINDOWS\system32\rasadhlp.dll
0x71a90000 - 0x71a98000 	C:\WINDOWS\System32\wshtcpip.dll
0x78050000 - 0x780b9000 	C:\Program Files\Arduino\msvcp100.dll
0x2d930000 - 0x2d9ee000 	C:\Program Files\Arduino\msvcr100.dll
0x2da00000 - 0x2da32000 	C:\Program Files\Arduino\lib\AStylej.dll
0x6d530000 - 0x6d554000 	C:\Program Files\Arduino\java\bin\dcpr.dll
0x76fd0000 - 0x7704f000 	C:\WINDOWS\system32\CLBCATQ.DLL
0x77050000 - 0x77115000 	C:\WINDOWS\system32\COMRes.dll
0x00910000 - 0x0091f000 	C:\Program Files\WIDCOMM\Bluetooth Software\btkeyind.dll
0x64000000 - 0x6401b000 	C:\Program Files\Arduino\lib\jSSC-2.8_x86.dll
0x763b0000 - 0x763f9000 	C:\WINDOWS\system32\COMDLG32.dll
0x5ad70000 - 0x5ada8000 	C:\WINDOWS\system32\UxTheme.dll
0x77b40000 - 0x77b62000 	C:\WINDOWS\system32\appHelp.dll
0x77a20000 - 0x77a74000 	C:\WINDOWS\System32\cscui.dll
0x76600000 - 0x7661d000 	C:\WINDOWS\System32\CSCDLL.dll
0x75f80000 - 0x7607d000 	C:\WINDOWS\system32\browseui.dll
0x76990000 - 0x769b5000 	C:\WINDOWS\system32\ntshrui.dll
0x7e290000 - 0x7e401000 	C:\WINDOWS\system32\shdocvw.dll
0x754d0000 - 0x75550000 	C:\WINDOWS\system32\CRYPTUI.dll
0x2e580000 - 0x2e845000 	C:\WINDOWS\system32\xpsp2res.dll
0x71b20000 - 0x71b32000 	C:\WINDOWS\system32\MPR.dll
0x75f60000 - 0x75f67000 	C:\WINDOWS\System32\drprov.dll
0x71c10000 - 0x71c1e000 	C:\WINDOWS\System32\ntlanman.dll
0x71cd0000 - 0x71ce7000 	C:\WINDOWS\System32\NETUI0.dll
0x71c90000 - 0x71cd0000 	C:\WINDOWS\System32\NETUI1.dll
0x71c80000 - 0x71c87000 	C:\WINDOWS\System32\NETRAP.dll
0x75f70000 - 0x75f7a000 	C:\WINDOWS\System32\davclnt.dll
0x2e850000 - 0x2e886000 	C:\WINDOWS\system32\netprovcredman.dll
0x73000000 - 0x73026000 	C:\WINDOWS\system32\WINSPOOL.DRV
0x2eb80000 - 0x2ebc9000 	C:\WINDOWS\system32\PortableDeviceApi.dll
0x75970000 - 0x75a68000 	C:\WINDOWS\system32\MSGINA.dll
0x74320000 - 0x7435d000 	C:\WINDOWS\system32\ODBC32.dll
0x2ecd0000 - 0x2ece7000 	C:\WINDOWS\system32\odbcint.dll
0x73ba0000 - 0x73bb3000 	C:\WINDOWS\system32\sti.dll
0x74ae0000 - 0x74ae7000 	C:\WINDOWS\system32\CFGMGR32.dll
0x68000000 - 0x68036000 	C:\WINDOWS\system32\rsaenh.dll
0x5d090000 - 0x5d12a000 	C:\WINDOWS\system32\comctl32.dll
0x59a60000 - 0x59b01000 	C:\WINDOWS\system32\dbghelp.dll

VM Arguments:
jvm_args: -Dsun.java2d.d3d=false -Djna.nosys=true -Djna.nounpack=true -Djna.boot.library.name=jnidispatch-4.2.2-win32-x86 -Djna.boot.library.path=C:\Program Files\Arduino/lib -Djssc.library.path=C:\Program Files\Arduino/lib -DAPP_DIR=C:\Program Files\Arduino -Xms128M -Xmx512M 
java_command: processing.app.Base C:\New Arduino\6 Thornton Street\Self Ballancing Robot\Self_Balancing_Robot_New_16_10_2021_16h51\Self_Balancing_Robot_New_16_10_2021_16h51.ino
java_class_path (initial): C:\Program Files\Arduino\lib\apple.jar;C:\Program Files\Arduino\lib\arduino-core.jar;C:\Program Files\Arduino\lib\batik-1.8.jar;C:\Program Files\Arduino\lib\batik-anim-1.8.jar;C:\Program Files\Arduino\lib\batik-awt-util-1.8.jar;C:\Program Files\Arduino\lib\batik-bridge-1.8.jar;C:\Program Files\Arduino\lib\batik-codec-1.8.jar;C:\Program Files\Arduino\lib\batik-css-1.8.jar;C:\Program Files\Arduino\lib\batik-dom-1.8.jar;C:\Program Files\Arduino\lib\batik-ext-1.8.jar;C:\Program Files\Arduino\lib\batik-gvt-1.8.jar;C:\Program Files\Arduino\lib\batik-parser-1.8.jar;C:\Program Files\Arduino\lib\batik-rasterizer-1.8.jar;C:\Program Files\Arduino\lib\batik-script-1.8.jar;C:\Program Files\Arduino\lib\batik-squiggle-1.8.jar;C:\Program Files\Arduino\lib\batik-svg-dom-1.8.jar;C:\Program Files\Arduino\lib\batik-svgpp-1.8.jar;C:\Program Files\Arduino\lib\batik-transcoder-1.8.jar;C:\Program Files\Arduino\lib\batik-util-1.8.jar;C:\Program Files\Arduino\lib\batik-xml-1.8.jar;C:\Program Files\Arduino\lib\bcpg-jdk15on-152.jar;C:\Program Files\Arduino\lib\bcprov-jdk15on-152.jar;C:\Program Files\Arduino\lib\commons-codec-1.7.jar;C:\Program Files\Arduino\lib\commons-compress-1.8.jar;C:\Program Files\Arduino\lib\commons-exec-1.1.jar;C:\Program Files\Arduino\lib\commons-httpclient-3.1.jar;C:\Program Files\Arduino\lib\commons-lang3-3.3.2.jar;C:\Program Files\Arduino\lib\commons-logging-1.0.4.jar;C:\Program Files\Arduino\lib\commons-net-3.3.jar;C:\Program Files\Arduino\lib\jackson-annotations-2.6.3.jar;C:\Program Files\Arduino\lib\jackson-core-2.6.3.jar;C:\Program Files\Arduino\lib\jackson-databind-2.6.3.jar;C:\Program Files\Arduino\lib\jackson-module-mrbean-2.6.3.jar;C:\Program Files\Arduino\lib\java-semver-0.8.0.jar;C:\Program Files\Arduino\lib\jmdns-3.5.1.jar;C:\Program Files\Arduino\lib\slf4j-simple-1.7.22.jar;C:\Program Files\Arduino\lib\slf4j-api-1.7.22.jar;C:\Program Files\Arduino\lib\jna-4.2.2.jar;C:\Program Files\Arduino\lib\jna-platform-4.2.2.jar;C:\Progra
Launcher Type: SUN_STANDARD

Environment Variables:
PATH=C:\WINDOWS\system32;C:\WINDOWS;C:\WINDOWS\System32\Wbem;C:\Program Files\Microsoft SQL Server\80\Tools\Binn\;C:\Program Files\Samsung\Samsung PC Studio 3\;C:\Program Files\Intel\WiFi\bin\;C:\Program Files\Microsoft Visual Studio\Common\Tools\WinNT;C:\Program Files\Microsoft Visual Studio\Common\MSDev98\Bin;C:\Program Files\Microsoft Visual Studio\Common\Tools;C:\Program Files\Microsoft Visual Studio\VC98\bin;C:\Program Files\Arduino\java\bin
USERNAME=User
OS=Windows_NT
PROCESSOR_IDENTIFIER=x86 Family 6 Model 13 Stepping 8, GenuineIntel



---------------  S Y S T E M  ---------------

OS: Windows 5.1 Build 2600 (5.1.2600.6532)

CPU:total 1 (initial active 1) (1 cores per cpu, 1 threads per core) family 6 model 13 stepping 8, cmov, cx8, fxsr, mmx, sse, sse2, tsc

Memory: 4k page, physical 1563056k(209508k free), swap 2183256k(1044280k free)

vm_info: Java HotSpot(TM) Client VM (25.144-b01) for windows-x86 JRE (1.8.0_144-b01), built on Jul 21 2017 21:58:05 by "java_re" with MS VC++ 10.0 (VS2010)

time: Sun Oct 31 16:24:23 2021
elapsed time: 1293838 seconds (14d 23h 23m 58s)

